<?xml version="1.0" encoding="UTF-8"?>
<!--
  ~ Copyright (c) 2008-2020 Haulmont.
  ~
  ~ Licensed under the Apache License, Version 2.0 (the "License");
  ~ you may not use this file except in compliance with the License.
  ~ You may obtain a copy of the License at
  ~
  ~     http://www.apache.org/licenses/LICENSE-2.0
  ~
  ~ Unless required by applicable law or agreed to in writing, software
  ~ distributed under the License is distributed on an "AS IS" BASIS,
  ~ WITHOUT WARRANTIES OR CONDITIONS OF ANY KIND, either express or implied.
  ~ See the License for the specific language governing permissions and
  ~ limitations under the License.
  -->

<beans xmlns="http://www.springframework.org/schema/beans">
    <import resource="classpath*:test-web-spring.xml"/>

    <!--
        Need to override this otherwise we got WebUserSessionSource used as primary bean
    -->
    <bean id="cuba_UserSessionSource" primary="true"
          class="com.haulmont.cuba.client.testsupport.TestUserSessionSource"/>

    <bean id="cuba_FormatStringsRegistry" primary="true" class="com.haulmont.cuba.core.sys.FormatStringsRegistryImpl"/>
</beans>
